%!Adobe-FontList 1.14
%Locale:0x412

%BeginFont
Handler:DirectoryHandler
FontType:TrueType
FontName:Chilanka-Regular
FamilyName:Chilanka
StyleName:Regular
FullName:Chilanka Regular
MenuName:Chilanka
StyleBits:0
WritingScript:Roman
OutlineFileName:E:\코딩\그린컴퓨터\포폴\리얼 포폴\Font\Chilanka-Regular.ttf
DataFormat:sfntData
FileLength:343936
FileModTime:1579654364
WeightClass:400
WidthClass:5
AngleClass:0
%EndFont

%BeginFont
Handler:DirectoryHandler
FontType:Invalid
OutlineFileName:E:\코딩\그린컴퓨터\포폴\리얼 포폴\Font\Chilanka-Regular.eot
FileModTime:1579638548
%EndFont

%BeginFont
Handler:DirectoryHandler
FontType:Invalid
OutlineFileName:E:\코딩\그린컴퓨터\포폴\리얼 포폴\Font\Chilanka-Regular.woff
FileModTime:1579638548
%EndFont

